<?xml version="1.0" encoding="UTF-8"?>
<testsuite xmlns:xsi="http://www.w3.org/2001/XMLSchema-instance" xsi:noNamespaceSchemaLocation="https://maven.apache.org/surefire/maven-surefire-plugin/xsd/surefire-test-report-3.0.xsd" version="3.0" name="com.hungpham.identityservice.controller.UserControllerIntegrationTest" time="10.731" tests="1" errors="0" skipped="0" failures="0">
  <properties>
[...]
</properties>
  <testcase name="createUser_validRequest_success" classname="com.hungpham.identityservice.controller.UserControllerIntegrationTest" time="0.124">
    <system-out><![CDATA[2024-10-04T00:25:05.458+07:00  INFO 8727 --- [           main] t.c.s.AnnotationConfigContextLoaderUtils : Could not detect default configuration classes for test class [com.hungpham.identityservice.controller.UserControllerIntegrationTest]: UserControllerIntegrationTest does not declare any static, non-private, non-final, nested classes annotated with @Configuration.
2024-10-04T00:25:05.462+07:00  INFO 8727 --- [           main] .b.t.c.SpringBootTestContextBootstrapper : Found @SpringBootConfiguration com.hungpham.identityservice.IdentityserviceApplication for test class com.hungpham.identityservice.controller.UserControllerIntegrationTest
2024-10-04T00:25:05.487+07:00  INFO 8727 --- [           main] org.testcontainers.images.PullPolicy     : Image pull policy will be performed by: DefaultPullPolicy()
2024-10-04T00:25:05.488+07:00  INFO 8727 --- [           main] o.t.utility.ImageNameSubstitutor         : Image name substitution will be performed by: DefaultImageNameSubstitutor (composite of 'ConfigurationFileImageNameSubstitutor' and 'PrefixingImageNameSubstitutor')
2024-10-04T00:25:05.693+07:00  INFO 8727 --- [           main] o.t.d.DockerClientProviderStrategy       : Loaded org.testcontainers.dockerclient.UnixSocketClientProviderStrategy from ~/.testcontainers.properties, will try it first
2024-10-04T00:25:05.918+07:00  INFO 8727 --- [           main] o.t.d.DockerClientProviderStrategy       : Found Docker environment with local Unix socket (unix:///var/run/docker.sock)
2024-10-04T00:25:05.919+07:00  INFO 8727 --- [           main] org.testcontainers.DockerClientFactory   : Docker host IP address is localhost
2024-10-04T00:25:05.936+07:00  INFO 8727 --- [           main] org.testcontainers.DockerClientFactory   : Connected to docker: 
  Server Version: 20.10.24
  API Version: 1.41
  Operating System: Docker Desktop
  Total Memory: 7851 MB
2024-10-04T00:25:05.960+07:00  INFO 8727 --- [           main] tc.testcontainers/ryuk:0.6.0             : Creating container for image: testcontainers/ryuk:0.6.0
2024-10-04T00:25:06.239+07:00  INFO 8727 --- [           main] o.t.utility.RegistryAuthLocator          : Credential helper/store (docker-credential-desktop) does not have credentials for https://index.docker.io/v1/
2024-10-04T00:25:06.342+07:00  INFO 8727 --- [           main] tc.testcontainers/ryuk:0.6.0             : Container testcontainers/ryuk:0.6.0 is starting: 9838b25d8d50c4165a84891bac4d7d8b3477e7fd9940a3d95d1a0aeebe896394
2024-10-04T00:25:06.713+07:00  INFO 8727 --- [           main] tc.testcontainers/ryuk:0.6.0             : Container testcontainers/ryuk:0.6.0 started in PT0.753516S
2024-10-04T00:25:06.720+07:00  INFO 8727 --- [           main] o.t.utility.RyukResourceReaper           : Ryuk started - will monitor and terminate Testcontainers containers on JVM exit
2024-10-04T00:25:06.720+07:00  INFO 8727 --- [           main] org.testcontainers.DockerClientFactory   : Checking the system...
2024-10-04T00:25:06.720+07:00  INFO 8727 --- [           main] org.testcontainers.DockerClientFactory   : ✔︎ Docker server version should be at least 1.6.0
2024-10-04T00:25:06.723+07:00  INFO 8727 --- [           main] tc.mysql:latest                          : Creating container for image: mysql:latest
2024-10-04T00:25:06.843+07:00  INFO 8727 --- [           main] tc.mysql:latest                          : Container mysql:latest is starting: cda8f6cc5b2da7572fd5c669dc454f7ee693f222823c62bb71facd137f7ef302
2024-10-04T00:25:07.066+07:00  INFO 8727 --- [           main] tc.mysql:latest                          : Waiting for database connection to become available at jdbc:mysql://localhost:54270/test using query 'SELECT 1'
2024-10-04T00:25:14.857+07:00  INFO 8727 --- [           main] tc.mysql:latest                          : Container mysql:latest started in PT8.134694S
2024-10-04T00:25:14.858+07:00  INFO 8727 --- [           main] tc.mysql:latest                          : Container is started (JDBC URL: jdbc:mysql://localhost:54270/test)

  .   ____          _            __ _ _
 /\\ / ___'_ __ _ _(_)_ __  __ _ \ \ \ \
( ( )\___ | '_ | '_| | '_ \/ _` | \ \ \ \
 \\/  ___)| |_)| | | | | || (_| |  ) ) ) )
  '  |____| .__|_| |_|_| |_\__, | / / / /
 =========|_|==============|___/=/_/_/_/
 :: Spring Boot ::               (v3.2.10)

2024-10-04T00:25:14.873+07:00  INFO 8727 --- [           main] c.h.i.c.UserControllerIntegrationTest    : Starting UserControllerIntegrationTest using Java 22.0.2 with PID 8727 (started by phamngochung in /Users/phamngochung/Downloads/identityservice)
2024-10-04T00:25:14.874+07:00  INFO 8727 --- [           main] c.h.i.c.UserControllerIntegrationTest    : No active profile set, falling back to 1 default profile: "default"
2024-10-04T00:25:14.973+07:00  INFO 8727 --- [           main] .s.d.r.c.RepositoryConfigurationDelegate : Bootstrapping Spring Data JPA repositories in DEFAULT mode.
2024-10-04T00:25:14.981+07:00  INFO 8727 --- [           main] .s.d.r.c.RepositoryConfigurationDelegate : Finished Spring Data repository scanning in 7 ms. Found 4 JPA repository interfaces.
2024-10-04T00:25:15.039+07:00  INFO 8727 --- [           main] o.hibernate.jpa.internal.util.LogHelper  : HHH000204: Processing PersistenceUnitInfo [name: default]
2024-10-04T00:25:15.040+07:00  INFO 8727 --- [           main] o.h.c.internal.RegionFactoryInitiator    : HHH000026: Second-level cache disabled
2024-10-04T00:25:15.042+07:00  INFO 8727 --- [           main] o.s.o.j.p.SpringPersistenceUnitInfo      : No LoadTimeWeaver setup: ignoring JPA class transformer
2024-10-04T00:25:15.042+07:00  INFO 8727 --- [           main] com.zaxxer.hikari.HikariDataSource       : HikariPool-2 - Starting...
2024-10-04T00:25:15.144+07:00  INFO 8727 --- [           main] com.zaxxer.hikari.pool.HikariPool        : HikariPool-2 - Added connection com.mysql.cj.jdbc.ConnectionImpl@873e790
2024-10-04T00:25:15.144+07:00  INFO 8727 --- [           main] com.zaxxer.hikari.HikariDataSource       : HikariPool-2 - Start completed.
2024-10-04T00:25:15.234+07:00  INFO 8727 --- [           main] o.h.e.t.j.p.i.JtaPlatformInitiator       : HHH000489: No JTA platform available (set 'hibernate.transaction.jta.platform' to enable JTA platform integration)
Hibernate: create table invalidated_token (id varchar(255) not null, expiry_time datetime(6), primary key (id)) engine=InnoDB
Hibernate: create table permission (name varchar(255) not null, description varchar(255), primary key (name)) engine=InnoDB
Hibernate: create table role (name varchar(255) not null, description varchar(255), primary key (name)) engine=InnoDB
Hibernate: create table role_permissions (role_name varchar(255) not null, permissions_name varchar(255) not null, primary key (role_name, permissions_name)) engine=InnoDB
Hibernate: create table user (id varchar(255) not null, dob date, first_name varchar(255), last_name varchar(255), password varchar(255), username varchar(255), primary key (id)) engine=InnoDB
Hibernate: create table user_roles (user_id varchar(255) not null, roles_name varchar(255) not null, primary key (user_id, roles_name)) engine=InnoDB
Hibernate: alter table role_permissions add constraint FKf5aljih4mxtdgalvr7xvngfn1 foreign key (permissions_name) references permission (name)
Hibernate: alter table role_permissions add constraint FKcppvu8fk24eqqn6q4hws7ajux foreign key (role_name) references role (name)
Hibernate: alter table user_roles add constraint FK6pmbiap985ue1c0qjic44pxlc foreign key (roles_name) references role (name)
Hibernate: alter table user_roles add constraint FK55itppkw3i07do3h7qoclqd4k foreign key (user_id) references user (id)
2024-10-04T00:25:15.412+07:00  INFO 8727 --- [           main] j.LocalContainerEntityManagerFactoryBean : Initialized JPA EntityManagerFactory for persistence unit 'default'
2024-10-04T00:25:15.467+07:00  INFO 8727 --- [           main] c.h.i.c.ApplicationInitConfig            : Init application...
2024-10-04T00:25:15.479+07:00  WARN 8727 --- [           main] JpaBaseConfiguration$JpaWebConfiguration : spring.jpa.open-in-view is enabled by default. Therefore, database queries may be performed during view rendering. Explicitly configure spring.jpa.open-in-view to disable this warning
2024-10-04T00:25:15.532+07:00  INFO 8727 --- [           main] o.s.s.web.DefaultSecurityFilterChain     : Will secure any request with [org.springframework.security.web.session.DisableEncodeUrlFilter@e78c128, org.springframework.security.web.context.request.async.WebAsyncManagerIntegrationFilter@5ac3e5dd, org.springframework.security.web.context.SecurityContextHolderFilter@1c50025f, org.springframework.security.web.header.HeaderWriterFilter@3491786a, org.springframework.security.web.authentication.logout.LogoutFilter@3dbeb861, org.springframework.security.oauth2.server.resource.web.authentication.BearerTokenAuthenticationFilter@464d1430, org.springframework.security.web.savedrequest.RequestCacheAwareFilter@5bce8cea, org.springframework.security.web.servletapi.SecurityContextHolderAwareRequestFilter@1e8d7d6b, org.springframework.security.web.authentication.AnonymousAuthenticationFilter@610cc9af, org.springframework.security.web.access.ExceptionTranslationFilter@57625c84, org.springframework.security.web.access.intercept.AuthorizationFilter@67ab8be9]
2024-10-04T00:25:15.595+07:00  INFO 8727 --- [           main] o.s.b.t.m.w.SpringBootMockServletContext : Initializing Spring TestDispatcherServlet ''
2024-10-04T00:25:15.595+07:00  INFO 8727 --- [           main] o.s.t.web.servlet.TestDispatcherServlet  : Initializing Servlet ''
2024-10-04T00:25:15.595+07:00  INFO 8727 --- [           main] o.s.t.web.servlet.TestDispatcherServlet  : Completed initialization in 0 ms
2024-10-04T00:25:15.600+07:00  INFO 8727 --- [           main] c.h.i.c.UserControllerIntegrationTest    : Started UserControllerIntegrationTest in 0.74 seconds (process running for 15.883)
Hibernate: select u1_0.id,u1_0.dob,u1_0.first_name,u1_0.last_name,u1_0.password,u1_0.username from user u1_0 where u1_0.username=?
Hibernate: insert into user (dob,first_name,last_name,password,username,id) values (?,?,?,?,?,?)
2024-10-04T00:25:15.844+07:00  WARN 8727 --- [           main] c.h.i.c.ApplicationInitConfig            : admin user has been created with default password admin, please change it
2024-10-04T00:25:15.856+07:00  INFO 8727 --- [           main] c.h.i.controller.UserController          : Controller: create user
2024-10-04T00:25:15.856+07:00  INFO 8727 --- [           main] c.h.identityservice.service.UserService  : Service: create user
Hibernate: select u1_0.id from user u1_0 where u1_0.username=? limit ?
Hibernate: select r1_0.name,r1_0.description from role r1_0 where r1_0.name=?
Hibernate: insert into user (dob,first_name,last_name,password,username,id) values (?,?,?,?,?,?)
2024-10-04T00:25:15.968+07:00  INFO 8727 --- [           main] c.h.i.c.UserControllerIntegrationTest    : Result: {"code":1000,"result":{"id":"a66e8697-2033-443d-aeac-4b2893fcb9a4","username":"john","firstName":"John","lastName":"Doe","dob":"1990-01-01","roles":[]}}
]]></system-out>
  </testcase>
</testsuite>