<?xml version="1.0" encoding="UTF-8"?>
<testsuite xmlns:xsi="http://www.w3.org/2001/XMLSchema-instance" xsi:noNamespaceSchemaLocation="https://maven.apache.org/surefire/maven-surefire-plugin/xsd/surefire-test-report-3.0.xsd" version="3.0" name="com.hungpham.identityservice.IdentityserviceApplicationTests" time="0.413" tests="1" errors="0" skipped="0" failures="0">
  <properties>
[...]
</properties>
  <testcase name="contextLoads" classname="com.hungpham.identityservice.IdentityserviceApplicationTests" time="0.003">
    <system-out><![CDATA[2024-10-04T00:25:16.193+07:00  INFO 8727 --- [           main] t.c.s.AnnotationConfigContextLoaderUtils : Could not detect default configuration classes for test class [com.hungpham.identityservice.IdentityserviceApplicationTests]: IdentityserviceApplicationTests does not declare any static, non-private, non-final, nested classes annotated with @Configuration.
2024-10-04T00:25:16.199+07:00  INFO 8727 --- [           main] .b.t.c.SpringBootTestContextBootstrapper : Found @SpringBootConfiguration com.hungpham.identityservice.IdentityserviceApplication for test class com.hungpham.identityservice.IdentityserviceApplicationTests

  .   ____          _            __ _ _
 /\\ / ___'_ __ _ _(_)_ __  __ _ \ \ \ \
( ( )\___ | '_ | '_| | '_ \/ _` | \ \ \ \
 \\/  ___)| |_)| | | | | || (_| |  ) ) ) )
  '  |____| .__|_| |_|_| |_\__, | / / / /
 =========|_|==============|___/=/_/_/_/
 :: Spring Boot ::               (v3.2.10)

2024-10-04T00:25:16.220+07:00  INFO 8727 --- [           main] c.h.i.IdentityserviceApplicationTests    : Starting IdentityserviceApplicationTests using Java 22.0.2 with PID 8727 (started by phamngochung in /Users/phamngochung/Downloads/identityservice)
2024-10-04T00:25:16.221+07:00  INFO 8727 --- [           main] c.h.i.IdentityserviceApplicationTests    : No active profile set, falling back to 1 default profile: "default"
2024-10-04T00:25:16.290+07:00  INFO 8727 --- [           main] .s.d.r.c.RepositoryConfigurationDelegate : Bootstrapping Spring Data JPA repositories in DEFAULT mode.
2024-10-04T00:25:16.296+07:00  INFO 8727 --- [           main] .s.d.r.c.RepositoryConfigurationDelegate : Finished Spring Data repository scanning in 5 ms. Found 4 JPA repository interfaces.
2024-10-04T00:25:16.355+07:00  INFO 8727 --- [           main] o.hibernate.jpa.internal.util.LogHelper  : HHH000204: Processing PersistenceUnitInfo [name: default]
2024-10-04T00:25:16.356+07:00  INFO 8727 --- [           main] o.h.c.internal.RegionFactoryInitiator    : HHH000026: Second-level cache disabled
2024-10-04T00:25:16.360+07:00  INFO 8727 --- [           main] o.s.o.j.p.SpringPersistenceUnitInfo      : No LoadTimeWeaver setup: ignoring JPA class transformer
2024-10-04T00:25:16.363+07:00  INFO 8727 --- [           main] com.zaxxer.hikari.HikariDataSource       : HikariPool-3 - Starting...
2024-10-04T00:25:16.378+07:00  INFO 8727 --- [           main] com.zaxxer.hikari.pool.HikariPool        : HikariPool-3 - Added connection com.mysql.cj.jdbc.ConnectionImpl@6f156b3c
2024-10-04T00:25:16.378+07:00  INFO 8727 --- [           main] com.zaxxer.hikari.HikariDataSource       : HikariPool-3 - Start completed.
2024-10-04T00:25:16.424+07:00  INFO 8727 --- [           main] o.h.e.t.j.p.i.JtaPlatformInitiator       : HHH000489: No JTA platform available (set 'hibernate.transaction.jta.platform' to enable JTA platform integration)
2024-10-04T00:25:16.463+07:00  INFO 8727 --- [           main] j.LocalContainerEntityManagerFactoryBean : Initialized JPA EntityManagerFactory for persistence unit 'default'
2024-10-04T00:25:16.490+07:00  INFO 8727 --- [           main] c.h.i.c.ApplicationInitConfig            : Init application...
2024-10-04T00:25:16.498+07:00  WARN 8727 --- [           main] JpaBaseConfiguration$JpaWebConfiguration : spring.jpa.open-in-view is enabled by default. Therefore, database queries may be performed during view rendering. Explicitly configure spring.jpa.open-in-view to disable this warning
2024-10-04T00:25:16.539+07:00  INFO 8727 --- [           main] o.s.s.web.DefaultSecurityFilterChain     : Will secure any request with [org.springframework.security.web.session.DisableEncodeUrlFilter@1d5af8bb, org.springframework.security.web.context.request.async.WebAsyncManagerIntegrationFilter@65d81c0a, org.springframework.security.web.context.SecurityContextHolderFilter@114d04f1, org.springframework.security.web.header.HeaderWriterFilter@cea15bd, org.springframework.security.web.authentication.logout.LogoutFilter@5dd51318, org.springframework.security.oauth2.server.resource.web.authentication.BearerTokenAuthenticationFilter@68626b7c, org.springframework.security.web.savedrequest.RequestCacheAwareFilter@206c6bb, org.springframework.security.web.servletapi.SecurityContextHolderAwareRequestFilter@78dd44a6, org.springframework.security.web.authentication.AnonymousAuthenticationFilter@5b794392, org.springframework.security.web.access.ExceptionTranslationFilter@8be53fe, org.springframework.security.web.access.intercept.AuthorizationFilter@7b38b4ef]
2024-10-04T00:25:16.590+07:00  INFO 8727 --- [           main] c.h.i.IdentityserviceApplicationTests    : Started IdentityserviceApplicationTests in 0.388 seconds (process running for 16.873)
Hibernate: select u1_0.id,u1_0.dob,u1_0.first_name,u1_0.last_name,u1_0.password,u1_0.username from user u1_0 where u1_0.username=?
]]></system-out>
  </testcase>
</testsuite>